mode: set
github.com/limbuster/tic-tac-toe/internal/app/game.go:10.48,16.2 1 1
github.com/limbuster/tic-tac-toe/internal/app/game.go:29.65,32.40 1 1
github.com/limbuster/tic-tac-toe/internal/app/game.go:35.2,35.14 1 1
github.com/limbuster/tic-tac-toe/internal/app/game.go:32.40,34.3 1 1
github.com/limbuster/tic-tac-toe/internal/app/game.go:38.68,41.40 1 1
github.com/limbuster/tic-tac-toe/internal/app/game.go:44.2,44.14 1 1
github.com/limbuster/tic-tac-toe/internal/app/game.go:41.40,43.3 1 1
github.com/limbuster/tic-tac-toe/internal/app/game.go:47.61,50.26 1 1
github.com/limbuster/tic-tac-toe/internal/app/game.go:54.2,56.26 1 1
github.com/limbuster/tic-tac-toe/internal/app/game.go:59.2,59.14 1 1
github.com/limbuster/tic-tac-toe/internal/app/game.go:50.26,52.3 1 1
github.com/limbuster/tic-tac-toe/internal/app/game.go:56.26,58.3 1 1
github.com/limbuster/tic-tac-toe/internal/app/game.go:62.56,63.34 1 1
github.com/limbuster/tic-tac-toe/internal/app/game.go:66.2,66.52 1 1
github.com/limbuster/tic-tac-toe/internal/app/game.go:69.2,69.33 1 1
github.com/limbuster/tic-tac-toe/internal/app/game.go:72.2,73.12 2 1
github.com/limbuster/tic-tac-toe/internal/app/game.go:63.34,65.3 1 1
github.com/limbuster/tic-tac-toe/internal/app/game.go:66.52,68.3 1 1
github.com/limbuster/tic-tac-toe/internal/app/game.go:69.33,71.3 1 1
github.com/limbuster/tic-tac-toe/internal/app/game.go:76.34,78.45 1 1
github.com/limbuster/tic-tac-toe/internal/app/game.go:85.2,85.45 1 1
github.com/limbuster/tic-tac-toe/internal/app/game.go:93.2,93.25 1 1
github.com/limbuster/tic-tac-toe/internal/app/game.go:121.2,123.3 1 0
github.com/limbuster/tic-tac-toe/internal/app/game.go:78.45,83.3 1 1
github.com/limbuster/tic-tac-toe/internal/app/game.go:85.45,90.3 1 1
github.com/limbuster/tic-tac-toe/internal/app/game.go:93.25,94.44 1 1
github.com/limbuster/tic-tac-toe/internal/app/game.go:100.3,100.44 1 1
github.com/limbuster/tic-tac-toe/internal/app/game.go:106.3,106.47 1 1
github.com/limbuster/tic-tac-toe/internal/app/game.go:112.3,112.47 1 1
github.com/limbuster/tic-tac-toe/internal/app/game.go:94.44,99.4 1 1
github.com/limbuster/tic-tac-toe/internal/app/game.go:100.44,105.4 1 1
github.com/limbuster/tic-tac-toe/internal/app/game.go:106.47,111.4 1 1
github.com/limbuster/tic-tac-toe/internal/app/game.go:112.47,117.4 1 1
github.com/limbuster/tic-tac-toe/internal/app/game.go:126.27,128.2 1 1
